07-21 01:10:25 com_github_MitjaNemec_PlaceFootprints.action_place_footprints 674:Plugin executed on: 'linux'
07-21 01:10:25 com_github_MitjaNemec_PlaceFootprints.action_place_footprints 675:Plugin executed with python version: '3.13.5 (main, Jun 21 2025, 09:35:00) [GCC 15.1.1 20250425]'
07-21 01:10:25 com_github_MitjaNemec_PlaceFootprints.action_place_footprints 676:KiCad build version: 9.0.3
07-21 01:10:25 com_github_MitjaNemec_PlaceFootprints.action_place_footprints 677:Plugin version: 4.0.1
07-21 01:10:25 com_github_MitjaNemec_PlaceFootprints.action_place_footprints 678:Frame repr: <wx._core.Frame object at 0x7fb5bf283380>
07-21 01:10:25 com_github_MitjaNemec_PlaceFootprints.place_footprints 121:getting a list of all footprints on board
07-21 01:10:25 com_github_MitjaNemec_PlaceFootprints.place_footprints 156:Footprint D16 on root level
07-21 01:10:25 com_github_MitjaNemec_PlaceFootprints.place_footprints 156:Footprint D5 on root level
07-21 01:10:25 com_github_MitjaNemec_PlaceFootprints.place_footprints 156:Footprint D7 on root level
07-21 01:10:25 com_github_MitjaNemec_PlaceFootprints.place_footprints 156:Footprint SW6 on root level
07-21 01:10:25 com_github_MitjaNemec_PlaceFootprints.place_footprints 156:Footprint D15 on root level
07-21 01:10:25 com_github_MitjaNemec_PlaceFootprints.place_footprints 156:Footprint SW10 on root level
07-21 01:10:25 com_github_MitjaNemec_PlaceFootprints.place_footprints 156:Footprint SW17 on root level
07-21 01:10:25 com_github_MitjaNemec_PlaceFootprints.place_footprints 156:Footprint SW7 on root level
07-21 01:10:25 com_github_MitjaNemec_PlaceFootprints.place_footprints 156:Footprint D23 on root level
07-21 01:10:25 com_github_MitjaNemec_PlaceFootprints.place_footprints 156:Footprint SW18 on root level
07-21 01:10:25 com_github_MitjaNemec_PlaceFootprints.place_footprints 156:Footprint SW16 on root level
07-21 01:10:25 com_github_MitjaNemec_PlaceFootprints.place_footprints 156:Footprint SW15 on root level
07-21 01:10:25 com_github_MitjaNemec_PlaceFootprints.place_footprints 156:Footprint D18 on root level
07-21 01:10:25 com_github_MitjaNemec_PlaceFootprints.place_footprints 156:Footprint D6 on root level
07-21 01:10:25 com_github_MitjaNemec_PlaceFootprints.place_footprints 156:Footprint D2 on root level
07-21 01:10:25 com_github_MitjaNemec_PlaceFootprints.place_footprints 156:Footprint SW13 on root level
07-21 01:10:25 com_github_MitjaNemec_PlaceFootprints.place_footprints 156:Footprint D8 on root level
07-21 01:10:25 com_github_MitjaNemec_PlaceFootprints.place_footprints 156:Footprint D9 on root level
07-21 01:10:25 com_github_MitjaNemec_PlaceFootprints.place_footprints 156:Footprint D21 on root level
07-21 01:10:25 com_github_MitjaNemec_PlaceFootprints.place_footprints 156:Footprint D13 on root level
07-21 01:10:25 com_github_MitjaNemec_PlaceFootprints.place_footprints 156:Footprint SW14 on root level
07-21 01:10:25 com_github_MitjaNemec_PlaceFootprints.place_footprints 156:Footprint D12 on root level
07-21 01:10:25 com_github_MitjaNemec_PlaceFootprints.place_footprints 156:Footprint D20 on root level
07-21 01:10:25 com_github_MitjaNemec_PlaceFootprints.place_footprints 156:Footprint SW9 on root level
07-21 01:10:25 com_github_MitjaNemec_PlaceFootprints.place_footprints 156:Footprint D3 on root level
07-21 01:10:25 com_github_MitjaNemec_PlaceFootprints.place_footprints 156:Footprint D10 on root level
07-21 01:10:25 com_github_MitjaNemec_PlaceFootprints.place_footprints 156:Footprint SW21 on root level
07-21 01:10:25 com_github_MitjaNemec_PlaceFootprints.place_footprints 156:Footprint D1 on root level
07-21 01:10:25 com_github_MitjaNemec_PlaceFootprints.place_footprints 156:Footprint U1 on root level
07-21 01:10:25 com_github_MitjaNemec_PlaceFootprints.place_footprints 156:Footprint SW8 on root level
07-21 01:10:25 com_github_MitjaNemec_PlaceFootprints.place_footprints 156:Footprint SW11 on root level
07-21 01:10:25 com_github_MitjaNemec_PlaceFootprints.place_footprints 156:Footprint U4 on root level
07-21 01:10:25 com_github_MitjaNemec_PlaceFootprints.place_footprints 156:Footprint SW1 on root level
07-21 01:10:25 com_github_MitjaNemec_PlaceFootprints.place_footprints 156:Footprint D22 on root level
07-21 01:10:25 com_github_MitjaNemec_PlaceFootprints.place_footprints 156:Footprint SW20 on root level
07-21 01:10:25 com_github_MitjaNemec_PlaceFootprints.place_footprints 156:Footprint SW5 on root level
07-21 01:10:25 com_github_MitjaNemec_PlaceFootprints.place_footprints 156:Footprint SW22 on root level
07-21 01:10:25 com_github_MitjaNemec_PlaceFootprints.place_footprints 156:Footprint D11 on root level
07-21 01:10:25 com_github_MitjaNemec_PlaceFootprints.place_footprints 156:Footprint SW23 on root level
07-21 01:10:25 com_github_MitjaNemec_PlaceFootprints.place_footprints 156:Footprint D17 on root level
07-21 01:10:25 com_github_MitjaNemec_PlaceFootprints.place_footprints 156:Footprint D19 on root level
07-21 01:10:25 com_github_MitjaNemec_PlaceFootprints.place_footprints 156:Footprint D14 on root level
07-21 01:10:25 com_github_MitjaNemec_PlaceFootprints.place_footprints 156:Footprint SW2 on root level
07-21 01:10:25 com_github_MitjaNemec_PlaceFootprints.place_footprints 156:Footprint SW3 on root level
07-21 01:10:25 com_github_MitjaNemec_PlaceFootprints.place_footprints 156:Footprint SW19 on root level
07-21 01:10:25 com_github_MitjaNemec_PlaceFootprints.place_footprints 156:Footprint SW12 on root level
07-21 01:10:25 com_github_MitjaNemec_PlaceFootprints.place_footprints 156:Footprint D4 on root level
07-21 01:10:25 com_github_MitjaNemec_PlaceFootprints.place_footprints 156:Footprint SW4 on root level
07-21 01:10:25 com_github_MitjaNemec_PlaceFootprints.action_place_footprints 717:Reference footprint='SW1'
07-21 01:10:32 com_github_MitjaNemec_PlaceFootprints.action_place_footprints 858:Reference designator is: SW
07-21 01:10:32 com_github_MitjaNemec_PlaceFootprints.action_place_footprints 859:Reference number is: 1
07-21 01:10:32 com_github_MitjaNemec_PlaceFootprints.action_place_footprints 891:Sorted and filtered list:
['SW1', 'SW2', 'SW3', 'SW4', 'SW5', 'SW6', 'SW7', 'SW8', 'SW9', 'SW10', 'SW11', 'SW12', 'SW13', 'SW14', 'SW15', 'SW16', 'SW17', 'SW18', 'SW19', 'SW20', 'SW21', 'SW22', 'SW23']
07-21 01:10:32 com_github_MitjaNemec_PlaceFootprints.action_place_footprints 376:wx.Colour(18, 19, 24, 255)
07-21 01:10:41 com_github_MitjaNemec_PlaceFootprints.action_place_footprints 507:''
07-21 01:10:43 com_github_MitjaNemec_PlaceFootprints.action_place_footprints 507:''
07-21 01:10:44 com_github_MitjaNemec_PlaceFootprints.action_place_footprints 507:''
07-21 01:10:54 com_github_MitjaNemec_PlaceFootprints.action_place_footprints 507:'19.01'
07-21 01:10:54 com_github_MitjaNemec_PlaceFootprints.action_place_footprints 553:Preparing config for reference linear
07-21 01:10:54 com_github_MitjaNemec_PlaceFootprints.action_place_footprints 573:Saving config file
07-21 01:10:54 com_github_MitjaNemec_PlaceFootprints.action_place_footprints 575:Saved the config file
07-21 01:10:54 com_github_MitjaNemec_PlaceFootprints.action_place_footprints 929:Footprints to place:
['SW1', 'SW2', 'SW3', 'SW4', 'SW5', 'SW6', 'SW7', 'SW8', 'SW9', 'SW10', 'SW11', 'SW12', 'SW13', 'SW14', 'SW15', 'SW16', 'SW17', 'SW18', 'SW19', 'SW20', 'SW21', 'SW22', 'SW23']
07-21 01:10:54 com_github_MitjaNemec_PlaceFootprints.place_footprints 396:Starting placing with linear layout
07-21 01:10:54 com_github_MitjaNemec_PlaceFootprints.action_place_footprints 970:Placing complete
